Build output check failed:
    Regex: 'command line option .* is valid for .* but not for C\+\+'
    Output line: 'cc1plus: 警告：command line option 「-Wmissing-prototypes」 is valid for C/ObjC but not for C++'
Compilation failed:
    source file: '/home/juiwenyeh/Lazi_tech/MakeNTU_2019_G27/OpenCV/build/CMakeFiles/CMakeTmp/src.cxx'
    check option: ' -fsigned-char -W -Wall -Werror=return-type -Werror=non-virtual-dtor -Werror=address -Werror=sequence-point -Wformat -Werror=format-security -Wmissing-declarations  -Wmissing-prototypes'
===== BUILD LOG =====
Change Dir: /home/juiwenyeh/Lazi_tech/MakeNTU_2019_G27/OpenCV/build/CMakeFiles/CMakeTmp

Run Build Command:"/usr/bin/make" "cmTC_e68f3/fast"
/usr/bin/make -f CMakeFiles/cmTC_e68f3.dir/build.make CMakeFiles/cmTC_e68f3.dir/build
make[1]: Entering directory '/home/juiwenyeh/Lazi_tech/MakeNTU_2019_G27/OpenCV/build/CMakeFiles/CMakeTmp'
Building CXX object CMakeFiles/cmTC_e68f3.dir/src.cxx.o
/usr/local/bin/c++     -O3 -DNDEBUG -fPIE   -fsigned-char -W -Wall -Werror=return-type -Werror=non-virtual-dtor -Werror=address -Werror=sequence-point -Wformat -Werror=format-security -Wmissing-declarations -Wmissing-prototypes -o CMakeFiles/cmTC_e68f3.dir/src.cxx.o -c /home/juiwenyeh/Lazi_tech/MakeNTU_2019_G27/OpenCV/build/CMakeFiles/CMakeTmp/src.cxx
cc1plus: 警告：command line option 「-Wmissing-prototypes」 is valid for C/ObjC but not for C++
/home/juiwenyeh/Lazi_tech/MakeNTU_2019_G27/OpenCV/build/CMakeFiles/CMakeTmp/src.cxx:1: 警告：ignoring #pragma   [-Wunknown-pragmas]
 #pragma
 
Linking CXX executable cmTC_e68f3
/usr/bin/cmake -E cmake_link_script CMakeFiles/cmTC_e68f3.dir/link.txt --verbose=1
/usr/local/bin/c++     -O3 -DNDEBUG    CMakeFiles/cmTC_e68f3.dir/src.cxx.o  -o cmTC_e68f3 -rdynamic 
make[1]: Leaving directory '/home/juiwenyeh/Lazi_tech/MakeNTU_2019_G27/OpenCV/build/CMakeFiles/CMakeTmp'

===== END =====

Build output check failed:
    Regex: 'command line option .* is valid for .* but not for C\+\+'
    Output line: 'cc1plus: 警告：command line option 「-Wstrict-prototypes」 is valid for C/ObjC but not for C++'
Compilation failed:
    source file: '/home/juiwenyeh/Lazi_tech/MakeNTU_2019_G27/OpenCV/build/CMakeFiles/CMakeTmp/src.cxx'
    check option: ' -fsigned-char -W -Wall -Werror=return-type -Werror=non-virtual-dtor -Werror=address -Werror=sequence-point -Wformat -Werror=format-security -Wmissing-declarations  -Wstrict-prototypes'
===== BUILD LOG =====
Change Dir: /home/juiwenyeh/Lazi_tech/MakeNTU_2019_G27/OpenCV/build/CMakeFiles/CMakeTmp

Run Build Command:"/usr/bin/make" "cmTC_2e2de/fast"
/usr/bin/make -f CMakeFiles/cmTC_2e2de.dir/build.make CMakeFiles/cmTC_2e2de.dir/build
make[1]: Entering directory '/home/juiwenyeh/Lazi_tech/MakeNTU_2019_G27/OpenCV/build/CMakeFiles/CMakeTmp'
Building CXX object CMakeFiles/cmTC_2e2de.dir/src.cxx.o
/usr/local/bin/c++     -O3 -DNDEBUG -fPIE   -fsigned-char -W -Wall -Werror=return-type -Werror=non-virtual-dtor -Werror=address -Werror=sequence-point -Wformat -Werror=format-security -Wmissing-declarations -Wstrict-prototypes -o CMakeFiles/cmTC_2e2de.dir/src.cxx.o -c /home/juiwenyeh/Lazi_tech/MakeNTU_2019_G27/OpenCV/build/CMakeFiles/CMakeTmp/src.cxx
cc1plus: 警告：command line option 「-Wstrict-prototypes」 is valid for C/ObjC but not for C++
/home/juiwenyeh/Lazi_tech/MakeNTU_2019_G27/OpenCV/build/CMakeFiles/CMakeTmp/src.cxx:1: 警告：ignoring #pragma   [-Wunknown-pragmas]
 #pragma
 
Linking CXX executable cmTC_2e2de
/usr/bin/cmake -E cmake_link_script CMakeFiles/cmTC_2e2de.dir/link.txt --verbose=1
/usr/local/bin/c++     -O3 -DNDEBUG    CMakeFiles/cmTC_2e2de.dir/src.cxx.o  -o cmTC_2e2de -rdynamic 
make[1]: Leaving directory '/home/juiwenyeh/Lazi_tech/MakeNTU_2019_G27/OpenCV/build/CMakeFiles/CMakeTmp'

===== END =====

Build output check failed:
    Regex: 'command line option .* is valid for .* but not for C'
    Output line: 'cc1: 警告：command line option 「-Wsign-promo」 is valid for C++/ObjC++ but not for C'
Compilation failed:
    source file: '/home/juiwenyeh/Lazi_tech/MakeNTU_2019_G27/OpenCV/build/CMakeFiles/CMakeTmp/src.c'
    check option: ' -fsigned-char -W -Wall -Werror=return-type -Werror=non-virtual-dtor -Werror=address -Werror=sequence-point -Wformat -Werror=format-security -Wmissing-declarations -Wmissing-prototypes -Wstrict-prototypes -Wundef -Winit-self -Wpointer-arith -Wshadow  -Wsign-promo'
===== BUILD LOG =====
Change Dir: /home/juiwenyeh/Lazi_tech/MakeNTU_2019_G27/OpenCV/build/CMakeFiles/CMakeTmp

Run Build Command:"/usr/bin/make" "cmTC_39a60/fast"
/usr/bin/make -f CMakeFiles/cmTC_39a60.dir/build.make CMakeFiles/cmTC_39a60.dir/build
make[1]: Entering directory '/home/juiwenyeh/Lazi_tech/MakeNTU_2019_G27/OpenCV/build/CMakeFiles/CMakeTmp'
Building C object CMakeFiles/cmTC_39a60.dir/src.c.o
/usr/local/bin/gcc    -O3 -DNDEBUG -fPIE   -fsigned-char -W -Wall -Werror=return-type -Werror=non-virtual-dtor -Werror=address -Werror=sequence-point -Wformat -Werror=format-security -Wmissing-declarations -Wmissing-prototypes -Wstrict-prototypes -Wundef -Winit-self -Wpointer-arith -Wshadow -Wsign-promo -o CMakeFiles/cmTC_39a60.dir/src.c.o   -c /home/juiwenyeh/Lazi_tech/MakeNTU_2019_G27/OpenCV/build/CMakeFiles/CMakeTmp/src.c
cc1: 警告：command line option 「-Wsign-promo」 is valid for C++/ObjC++ but not for C
/home/juiwenyeh/Lazi_tech/MakeNTU_2019_G27/OpenCV/build/CMakeFiles/CMakeTmp/src.c:1: 警告：ignoring #pragma   [-Wunknown-pragmas]
 #pragma
 
Linking C executable cmTC_39a60
/usr/bin/cmake -E cmake_link_script CMakeFiles/cmTC_39a60.dir/link.txt --verbose=1
/usr/local/bin/gcc    -O3 -DNDEBUG    CMakeFiles/cmTC_39a60.dir/src.c.o  -o cmTC_39a60 -rdynamic 
make[1]: Leaving directory '/home/juiwenyeh/Lazi_tech/MakeNTU_2019_G27/OpenCV/build/CMakeFiles/CMakeTmp'

===== END =====

Build output check failed:
    Regex: 'command line option .* is valid for .* but not for C'
    Output line: 'cc1: 警告：command line option 「-Wsuggest-override」 is valid for C++/ObjC++ but not for C'
Compilation failed:
    source file: '/home/juiwenyeh/Lazi_tech/MakeNTU_2019_G27/OpenCV/build/CMakeFiles/CMakeTmp/src.c'
    check option: ' -fsigned-char -W -Wall -Werror=return-type -Werror=non-virtual-dtor -Werror=address -Werror=sequence-point -Wformat -Werror=format-security -Wmissing-declarations -Wmissing-prototypes -Wstrict-prototypes -Wundef -Winit-self -Wpointer-arith -Wshadow -Wuninitialized -Winit-self  -Wsuggest-override'
===== BUILD LOG =====
Change Dir: /home/juiwenyeh/Lazi_tech/MakeNTU_2019_G27/OpenCV/build/CMakeFiles/CMakeTmp

Run Build Command:"/usr/bin/make" "cmTC_76c35/fast"
/usr/bin/make -f CMakeFiles/cmTC_76c35.dir/build.make CMakeFiles/cmTC_76c35.dir/build
make[1]: Entering directory '/home/juiwenyeh/Lazi_tech/MakeNTU_2019_G27/OpenCV/build/CMakeFiles/CMakeTmp'
Building C object CMakeFiles/cmTC_76c35.dir/src.c.o
/usr/local/bin/gcc    -O3 -DNDEBUG -fPIE   -fsigned-char -W -Wall -Werror=return-type -Werror=non-virtual-dtor -Werror=address -Werror=sequence-point -Wformat -Werror=format-security -Wmissing-declarations -Wmissing-prototypes -Wstrict-prototypes -Wundef -Winit-self -Wpointer-arith -Wshadow -Wuninitialized -Winit-self -Wsuggest-override -o CMakeFiles/cmTC_76c35.dir/src.c.o   -c /home/juiwenyeh/Lazi_tech/MakeNTU_2019_G27/OpenCV/build/CMakeFiles/CMakeTmp/src.c
cc1: 警告：command line option 「-Wsuggest-override」 is valid for C++/ObjC++ but not for C
/home/juiwenyeh/Lazi_tech/MakeNTU_2019_G27/OpenCV/build/CMakeFiles/CMakeTmp/src.c:1: 警告：ignoring #pragma   [-Wunknown-pragmas]
 #pragma
 
Linking C executable cmTC_76c35
/usr/bin/cmake -E cmake_link_script CMakeFiles/cmTC_76c35.dir/link.txt --verbose=1
/usr/local/bin/gcc    -O3 -DNDEBUG    CMakeFiles/cmTC_76c35.dir/src.c.o  -o cmTC_76c35 -rdynamic 
make[1]: Leaving directory '/home/juiwenyeh/Lazi_tech/MakeNTU_2019_G27/OpenCV/build/CMakeFiles/CMakeTmp'

===== END =====

Build output check failed:
    Regex: 'command line option .* is valid for .* but not for C'
    Output line: 'cc1: 警告：command line option 「-Wno-delete-non-virtual-dtor」 is valid for C++/ObjC++ but not for C'
Compilation failed:
    source file: '/home/juiwenyeh/Lazi_tech/MakeNTU_2019_G27/OpenCV/build/CMakeFiles/CMakeTmp/src.c'
    check option: ' -fsigned-char -W -Wall -Werror=return-type -Werror=non-virtual-dtor -Werror=address -Werror=sequence-point -Wformat -Werror=format-security -Wmissing-declarations -Wmissing-prototypes -Wstrict-prototypes -Wundef -Winit-self -Wpointer-arith -Wshadow -Wuninitialized -Winit-self -Wno-narrowing  -Wno-delete-non-virtual-dtor'
===== BUILD LOG =====
Change Dir: /home/juiwenyeh/Lazi_tech/MakeNTU_2019_G27/OpenCV/build/CMakeFiles/CMakeTmp

Run Build Command:"/usr/bin/make" "cmTC_159e9/fast"
/usr/bin/make -f CMakeFiles/cmTC_159e9.dir/build.make CMakeFiles/cmTC_159e9.dir/build
make[1]: Entering directory '/home/juiwenyeh/Lazi_tech/MakeNTU_2019_G27/OpenCV/build/CMakeFiles/CMakeTmp'
Building C object CMakeFiles/cmTC_159e9.dir/src.c.o
/usr/local/bin/gcc    -O3 -DNDEBUG -fPIE   -fsigned-char -W -Wall -Werror=return-type -Werror=non-virtual-dtor -Werror=address -Werror=sequence-point -Wformat -Werror=format-security -Wmissing-declarations -Wmissing-prototypes -Wstrict-prototypes -Wundef -Winit-self -Wpointer-arith -Wshadow -Wuninitialized -Winit-self -Wno-narrowing -Wno-delete-non-virtual-dtor -o CMakeFiles/cmTC_159e9.dir/src.c.o   -c /home/juiwenyeh/Lazi_tech/MakeNTU_2019_G27/OpenCV/build/CMakeFiles/CMakeTmp/src.c
cc1: 警告：command line option 「-Wno-delete-non-virtual-dtor」 is valid for C++/ObjC++ but not for C
/home/juiwenyeh/Lazi_tech/MakeNTU_2019_G27/OpenCV/build/CMakeFiles/CMakeTmp/src.c:1: 警告：ignoring #pragma   [-Wunknown-pragmas]
 #pragma
 
Linking C executable cmTC_159e9
/usr/bin/cmake -E cmake_link_script CMakeFiles/cmTC_159e9.dir/link.txt --verbose=1
/usr/local/bin/gcc    -O3 -DNDEBUG    CMakeFiles/cmTC_159e9.dir/src.c.o  -o cmTC_159e9 -rdynamic 
make[1]: Leaving directory '/home/juiwenyeh/Lazi_tech/MakeNTU_2019_G27/OpenCV/build/CMakeFiles/CMakeTmp'

===== END =====

Build output check failed:
    Regex: 'unrecognized .*option'
    Output line: 'cc1plus: 警告：unrecognized command line option 「-Wno-unnamed-type-template-args」'
Compilation failed:
    source file: '/home/juiwenyeh/Lazi_tech/MakeNTU_2019_G27/OpenCV/build/CMakeFiles/CMakeTmp/src.cxx'
    check option: ' -fsigned-char -W -Wall -Werror=return-type -Werror=non-virtual-dtor -Werror=address -Werror=sequence-point -Wformat -Werror=format-security -Wmissing-declarations -Wundef -Winit-self -Wpointer-arith -Wshadow -Wsign-promo -Wuninitialized -Winit-self -Wsuggest-override -Wno-narrowing -Wno-delete-non-virtual-dtor  -Wno-unnamed-type-template-args'
===== BUILD LOG =====
Change Dir: /home/juiwenyeh/Lazi_tech/MakeNTU_2019_G27/OpenCV/build/CMakeFiles/CMakeTmp

Run Build Command:"/usr/bin/make" "cmTC_4fa63/fast"
/usr/bin/make -f CMakeFiles/cmTC_4fa63.dir/build.make CMakeFiles/cmTC_4fa63.dir/build
make[1]: Entering directory '/home/juiwenyeh/Lazi_tech/MakeNTU_2019_G27/OpenCV/build/CMakeFiles/CMakeTmp'
Building CXX object CMakeFiles/cmTC_4fa63.dir/src.cxx.o
/usr/local/bin/c++     -O3 -DNDEBUG -fPIE   -fsigned-char -W -Wall -Werror=return-type -Werror=non-virtual-dtor -Werror=address -Werror=sequence-point -Wformat -Werror=format-security -Wmissing-declarations -Wundef -Winit-self -Wpointer-arith -Wshadow -Wsign-promo -Wuninitialized -Winit-self -Wsuggest-override -Wno-narrowing -Wno-delete-non-virtual-dtor -Wno-unnamed-type-template-args -o CMakeFiles/cmTC_4fa63.dir/src.cxx.o -c /home/juiwenyeh/Lazi_tech/MakeNTU_2019_G27/OpenCV/build/CMakeFiles/CMakeTmp/src.cxx
/home/juiwenyeh/Lazi_tech/MakeNTU_2019_G27/OpenCV/build/CMakeFiles/CMakeTmp/src.cxx:1: 警告：ignoring #pragma   [-Wunknown-pragmas]
 #pragma
 
cc1plus: 警告：unrecognized command line option 「-Wno-unnamed-type-template-args」
Linking CXX executable cmTC_4fa63
/usr/bin/cmake -E cmake_link_script CMakeFiles/cmTC_4fa63.dir/link.txt --verbose=1
/usr/local/bin/c++     -O3 -DNDEBUG    CMakeFiles/cmTC_4fa63.dir/src.cxx.o  -o cmTC_4fa63 -rdynamic 
make[1]: Leaving directory '/home/juiwenyeh/Lazi_tech/MakeNTU_2019_G27/OpenCV/build/CMakeFiles/CMakeTmp'

===== END =====

Build output check failed:
    Regex: 'unrecognized .*option'
    Output line: 'cc1: 警告：unrecognized command line option 「-Wno-unnamed-type-template-args」'
Compilation failed:
    source file: '/home/juiwenyeh/Lazi_tech/MakeNTU_2019_G27/OpenCV/build/CMakeFiles/CMakeTmp/src.c'
    check option: ' -fsigned-char -W -Wall -Werror=return-type -Werror=non-virtual-dtor -Werror=address -Werror=sequence-point -Wformat -Werror=format-security -Wmissing-declarations -Wmissing-prototypes -Wstrict-prototypes -Wundef -Winit-self -Wpointer-arith -Wshadow -Wuninitialized -Winit-self -Wno-narrowing  -Wno-unnamed-type-template-args'
===== BUILD LOG =====
Change Dir: /home/juiwenyeh/Lazi_tech/MakeNTU_2019_G27/OpenCV/build/CMakeFiles/CMakeTmp

Run Build Command:"/usr/bin/make" "cmTC_e622f/fast"
/usr/bin/make -f CMakeFiles/cmTC_e622f.dir/build.make CMakeFiles/cmTC_e622f.dir/build
make[1]: Entering directory '/home/juiwenyeh/Lazi_tech/MakeNTU_2019_G27/OpenCV/build/CMakeFiles/CMakeTmp'
Building C object CMakeFiles/cmTC_e622f.dir/src.c.o
/usr/local/bin/gcc    -O3 -DNDEBUG -fPIE   -fsigned-char -W -Wall -Werror=return-type -Werror=non-virtual-dtor -Werror=address -Werror=sequence-point -Wformat -Werror=format-security -Wmissing-declarations -Wmissing-prototypes -Wstrict-prototypes -Wundef -Winit-self -Wpointer-arith -Wshadow -Wuninitialized -Winit-self -Wno-narrowing -Wno-unnamed-type-template-args -o CMakeFiles/cmTC_e622f.dir/src.c.o   -c /home/juiwenyeh/Lazi_tech/MakeNTU_2019_G27/OpenCV/build/CMakeFiles/CMakeTmp/src.c
/home/juiwenyeh/Lazi_tech/MakeNTU_2019_G27/OpenCV/build/CMakeFiles/CMakeTmp/src.c:1: 警告：ignoring #pragma   [-Wunknown-pragmas]
 #pragma
 
cc1: 警告：unrecognized command line option 「-Wno-unnamed-type-template-args」
Linking C executable cmTC_e622f
/usr/bin/cmake -E cmake_link_script CMakeFiles/cmTC_e622f.dir/link.txt --verbose=1
/usr/local/bin/gcc    -O3 -DNDEBUG    CMakeFiles/cmTC_e622f.dir/src.c.o  -o cmTC_e622f -rdynamic 
make[1]: Leaving directory '/home/juiwenyeh/Lazi_tech/MakeNTU_2019_G27/OpenCV/build/CMakeFiles/CMakeTmp'

===== END =====

Build output check failed:
    Regex: 'command line option .* is valid for .* but not for C'
    Output line: 'cc1: 警告：command line option 「-fvisibility-inlines-hidden」 is valid for C++/ObjC++ but not for C'
Compilation failed:
    source file: '/home/juiwenyeh/Lazi_tech/MakeNTU_2019_G27/OpenCV/build/CMakeFiles/CMakeTmp/src.c'
    check option: ' -fsigned-char -W -Wall -Werror=return-type -Werror=non-virtual-dtor -Werror=address -Werror=sequence-point -Wformat -Werror=format-security -Wmissing-declarations -Wmissing-prototypes -Wstrict-prototypes -Wundef -Winit-self -Wpointer-arith -Wshadow -Wuninitialized -Winit-self -Wno-narrowing -Wno-comment -Wimplicit-fallthrough=3 -fdiagnostics-show-option -Wno-long-long -pthread -fomit-frame-pointer -ffunction-sections -fdata-sections  -msse -msse2 -msse3 -fvisibility=hidden  -fvisibility-inlines-hidden'
===== BUILD LOG =====
Change Dir: /home/juiwenyeh/Lazi_tech/MakeNTU_2019_G27/OpenCV/build/CMakeFiles/CMakeTmp

Run Build Command:"/usr/bin/make" "cmTC_93b32/fast"
/usr/bin/make -f CMakeFiles/cmTC_93b32.dir/build.make CMakeFiles/cmTC_93b32.dir/build
make[1]: Entering directory '/home/juiwenyeh/Lazi_tech/MakeNTU_2019_G27/OpenCV/build/CMakeFiles/CMakeTmp'
Building C object CMakeFiles/cmTC_93b32.dir/src.c.o
/usr/local/bin/gcc    -O3 -DNDEBUG -fPIE   -fsigned-char -W -Wall -Werror=return-type -Werror=non-virtual-dtor -Werror=address -Werror=sequence-point -Wformat -Werror=format-security -Wmissing-declarations -Wmissing-prototypes -Wstrict-prototypes -Wundef -Winit-self -Wpointer-arith -Wshadow -Wuninitialized -Winit-self -Wno-narrowing -Wno-comment -Wimplicit-fallthrough=3 -fdiagnostics-show-option -Wno-long-long -pthread -fomit-frame-pointer -ffunction-sections -fdata-sections -msse -msse2 -msse3 -fvisibility=hidden -fvisibility-inlines-hidden -o CMakeFiles/cmTC_93b32.dir/src.c.o   -c /home/juiwenyeh/Lazi_tech/MakeNTU_2019_G27/OpenCV/build/CMakeFiles/CMakeTmp/src.c
cc1: 警告：command line option 「-fvisibility-inlines-hidden」 is valid for C++/ObjC++ but not for C
/home/juiwenyeh/Lazi_tech/MakeNTU_2019_G27/OpenCV/build/CMakeFiles/CMakeTmp/src.c:1: 警告：ignoring #pragma   [-Wunknown-pragmas]
 #pragma
 
Linking C executable cmTC_93b32
/usr/bin/cmake -E cmake_link_script CMakeFiles/cmTC_93b32.dir/link.txt --verbose=1
/usr/local/bin/gcc    -O3 -DNDEBUG    CMakeFiles/cmTC_93b32.dir/src.c.o  -o cmTC_93b32 -rdynamic 
make[1]: Leaving directory '/home/juiwenyeh/Lazi_tech/MakeNTU_2019_G27/OpenCV/build/CMakeFiles/CMakeTmp'

===== END =====

Build output check failed:
    Regex: 'unrecognized .*option'
    Output line: 'cc1: 警告：unrecognized command line option 「-Wno-absolute-value」'
Compilation failed:
    source file: '/home/juiwenyeh/Lazi_tech/MakeNTU_2019_G27/OpenCV/build/CMakeFiles/CMakeTmp/src.c'
    check option: ' -Wno-absolute-value'
===== BUILD LOG =====
Change Dir: /home/juiwenyeh/Lazi_tech/MakeNTU_2019_G27/OpenCV/build/CMakeFiles/CMakeTmp

Run Build Command:"/usr/bin/make" "cmTC_cf6e5/fast"
/usr/bin/make -f CMakeFiles/cmTC_cf6e5.dir/build.make CMakeFiles/cmTC_cf6e5.dir/build
make[1]: Entering directory '/home/juiwenyeh/Lazi_tech/MakeNTU_2019_G27/OpenCV/build/CMakeFiles/CMakeTmp'
Building C object CMakeFiles/cmTC_cf6e5.dir/src.c.o
/usr/local/bin/gcc    -fsigned-char -W -Wall -Werror=return-type -Werror=non-virtual-dtor -Werror=address -Werror=sequence-point -Wformat -Werror=format-security   -Wstrict-prototypes -Wundef -Winit-self -Wpointer-arith  -Wuninitialized -Winit-self -Wno-narrowing -Wno-comment -Wimplicit-fallthrough=3 -fdiagnostics-show-option -Wno-long-long -pthread -fomit-frame-pointer -ffunction-sections -fdata-sections  -msse -msse2 -msse3 -fvisibility=hidden -Wno-implicit-function-declaration -Wno-uninitialized -Wno-missing-prototypes -Wno-unused-but-set-parameter -Wno-missing-declarations -Wno-unused -Wno-shadow -Wno-sign-compare -Wno-strict-overflow -Wno-pointer-compare  -O3 -DNDEBUG -fPIE   -Wno-absolute-value -o CMakeFiles/cmTC_cf6e5.dir/src.c.o   -c /home/juiwenyeh/Lazi_tech/MakeNTU_2019_G27/OpenCV/build/CMakeFiles/CMakeTmp/src.c
/home/juiwenyeh/Lazi_tech/MakeNTU_2019_G27/OpenCV/build/CMakeFiles/CMakeTmp/src.c:1: 警告：ignoring #pragma   [-Wunknown-pragmas]
 #pragma
 
cc1: 警告：unrecognized command line option 「-Wno-absolute-value」
Linking C executable cmTC_cf6e5
/usr/bin/cmake -E cmake_link_script CMakeFiles/cmTC_cf6e5.dir/link.txt --verbose=1
/usr/local/bin/gcc     -fsigned-char -W -Wall -Werror=return-type -Werror=non-virtual-dtor -Werror=address -Werror=sequence-point -Wformat -Werror=format-security   -Wstrict-prototypes -Wundef -Winit-self -Wpointer-arith  -Wuninitialized -Winit-self -Wno-narrowing -Wno-comment -Wimplicit-fallthrough=3 -fdiagnostics-show-option -Wno-long-long -pthread -fomit-frame-pointer -ffunction-sections -fdata-sections  -msse -msse2 -msse3 -fvisibility=hidden -Wno-implicit-function-declaration -Wno-uninitialized -Wno-missing-prototypes -Wno-unused-but-set-parameter -Wno-missing-declarations -Wno-unused -Wno-shadow -Wno-sign-compare -Wno-strict-overflow -Wno-pointer-compare  -O3 -DNDEBUG    -Wl,--gc-sections  CMakeFiles/cmTC_cf6e5.dir/src.c.o  -o cmTC_cf6e5 -rdynamic 
make[1]: Leaving directory '/home/juiwenyeh/Lazi_tech/MakeNTU_2019_G27/OpenCV/build/CMakeFiles/CMakeTmp'

===== END =====

Determining if the include file linux/videodev.h exists failed with the following output:
Change Dir: /home/juiwenyeh/Lazi_tech/MakeNTU_2019_G27/OpenCV/build/CMakeFiles/CMakeTmp

Run Build Command:"/usr/bin/make" "cmTC_cfd6f/fast"
/usr/bin/make -f CMakeFiles/cmTC_cfd6f.dir/build.make CMakeFiles/cmTC_cfd6f.dir/build
make[1]: Entering directory '/home/juiwenyeh/Lazi_tech/MakeNTU_2019_G27/OpenCV/build/CMakeFiles/CMakeTmp'
Building C object CMakeFiles/cmTC_cfd6f.dir/CheckIncludeFile.c.o
/usr/local/bin/gcc    -fsigned-char -W -Wall -Werror=return-type -Werror=non-virtual-dtor -Werror=address -Werror=sequence-point -Wformat -Werror=format-security -Wmissing-declarations -Wmissing-prototypes -Wstrict-prototypes -Wundef -Winit-self -Wpointer-arith -Wshadow -Wuninitialized -Winit-self -Wno-narrowing -Wno-comment -Wimplicit-fallthrough=3 -fdiagnostics-show-option -Wno-long-long -pthread -fomit-frame-pointer -ffunction-sections -fdata-sections  -msse -msse2 -msse3 -fvisibility=hidden  -O3 -DNDEBUG -fPIE   -o CMakeFiles/cmTC_cfd6f.dir/CheckIncludeFile.c.o   -c /home/juiwenyeh/Lazi_tech/MakeNTU_2019_G27/OpenCV/build/CMakeFiles/CMakeTmp/CheckIncludeFile.c
/home/juiwenyeh/Lazi_tech/MakeNTU_2019_G27/OpenCV/build/CMakeFiles/CMakeTmp/CheckIncludeFile.c:1:10: 嚴重錯誤：linux/videodev.h：沒有此一檔案或目錄
 #include <linux/videodev.h>
          ^~~~~~~~~~~~~~~~~~
編譯插斷。
CMakeFiles/cmTC_cfd6f.dir/build.make:65: recipe for target 'CMakeFiles/cmTC_cfd6f.dir/CheckIncludeFile.c.o' failed
make[1]: *** [CMakeFiles/cmTC_cfd6f.dir/CheckIncludeFile.c.o] Error 1
make[1]: Leaving directory '/home/juiwenyeh/Lazi_tech/MakeNTU_2019_G27/OpenCV/build/CMakeFiles/CMakeTmp'
Makefile:126: recipe for target 'cmTC_cfd6f/fast' failed
make: *** [cmTC_cfd6f/fast] Error 2


Determining if the include file sys/videoio.h exists failed with the following output:
Change Dir: /home/juiwenyeh/Lazi_tech/MakeNTU_2019_G27/OpenCV/build/CMakeFiles/CMakeTmp

Run Build Command:"/usr/bin/make" "cmTC_edcad/fast"
/usr/bin/make -f CMakeFiles/cmTC_edcad.dir/build.make CMakeFiles/cmTC_edcad.dir/build
make[1]: Entering directory '/home/juiwenyeh/Lazi_tech/MakeNTU_2019_G27/OpenCV/build/CMakeFiles/CMakeTmp'
Building C object CMakeFiles/cmTC_edcad.dir/CheckIncludeFile.c.o
/usr/local/bin/gcc    -fsigned-char -W -Wall -Werror=return-type -Werror=non-virtual-dtor -Werror=address -Werror=sequence-point -Wformat -Werror=format-security -Wmissing-declarations -Wmissing-prototypes -Wstrict-prototypes -Wundef -Winit-self -Wpointer-arith -Wshadow -Wuninitialized -Winit-self -Wno-narrowing -Wno-comment -Wimplicit-fallthrough=3 -fdiagnostics-show-option -Wno-long-long -pthread -fomit-frame-pointer -ffunction-sections -fdata-sections  -msse -msse2 -msse3 -fvisibility=hidden  -O3 -DNDEBUG -fPIE   -o CMakeFiles/cmTC_edcad.dir/CheckIncludeFile.c.o   -c /home/juiwenyeh/Lazi_tech/MakeNTU_2019_G27/OpenCV/build/CMakeFiles/CMakeTmp/CheckIncludeFile.c
/home/juiwenyeh/Lazi_tech/MakeNTU_2019_G27/OpenCV/build/CMakeFiles/CMakeTmp/CheckIncludeFile.c:1:10: 嚴重錯誤：sys/videoio.h：沒有此一檔案或目錄
 #include <sys/videoio.h>
          ^~~~~~~~~~~~~~~
編譯插斷。
CMakeFiles/cmTC_edcad.dir/build.make:65: recipe for target 'CMakeFiles/cmTC_edcad.dir/CheckIncludeFile.c.o' failed
make[1]: *** [CMakeFiles/cmTC_edcad.dir/CheckIncludeFile.c.o] Error 1
make[1]: Leaving directory '/home/juiwenyeh/Lazi_tech/MakeNTU_2019_G27/OpenCV/build/CMakeFiles/CMakeTmp'
Makefile:126: recipe for target 'cmTC_edcad/fast' failed
make: *** [cmTC_edcad/fast] Error 2


Build output check failed:
    Regex: 'command line option .* is valid for .* but not for C\+\+'
    Output line: 'cc1plus: 警告：command line option 「-Wno-missing-prototypes」 is valid for C/ObjC but not for C++'
Compilation failed:
    source file: '/home/juiwenyeh/Lazi_tech/MakeNTU_2019_G27/OpenCV/build/CMakeFiles/CMakeTmp/src.cxx'
    check option: ' -Wno-missing-prototypes'
===== BUILD LOG =====
Change Dir: /home/juiwenyeh/Lazi_tech/MakeNTU_2019_G27/OpenCV/build/CMakeFiles/CMakeTmp

Run Build Command:"/usr/bin/make" "cmTC_3f7d1/fast"
/usr/bin/make -f CMakeFiles/cmTC_3f7d1.dir/build.make CMakeFiles/cmTC_3f7d1.dir/build
make[1]: Entering directory '/home/juiwenyeh/Lazi_tech/MakeNTU_2019_G27/OpenCV/build/CMakeFiles/CMakeTmp'
Building CXX object CMakeFiles/cmTC_3f7d1.dir/src.cxx.o
/usr/local/bin/c++     -fsigned-char -W -Wall -Werror=return-type -Werror=non-virtual-dtor -Werror=address -Werror=sequence-point -Wformat -Werror=format-security -Wmissing-declarations -Wundef -Winit-self -Wpointer-arith -Wshadow -Wsign-promo -Wuninitialized -Winit-self -Wsuggest-override -Wno-narrowing -Wno-delete-non-virtual-dtor -Wno-comment -Wimplicit-fallthrough=3 -fdiagnostics-show-option -Wno-long-long -pthread -fomit-frame-pointer -ffunction-sections -fdata-sections  -msse -msse2 -msse3 -fvisibility=hidden -fvisibility-inlines-hidden -Wno-deprecated  -O3 -DNDEBUG -fPIE   -Wno-missing-prototypes -o CMakeFiles/cmTC_3f7d1.dir/src.cxx.o -c /home/juiwenyeh/Lazi_tech/MakeNTU_2019_G27/OpenCV/build/CMakeFiles/CMakeTmp/src.cxx
cc1plus: 警告：command line option 「-Wno-missing-prototypes」 is valid for C/ObjC but not for C++
/home/juiwenyeh/Lazi_tech/MakeNTU_2019_G27/OpenCV/build/CMakeFiles/CMakeTmp/src.cxx:1: 警告：ignoring #pragma   [-Wunknown-pragmas]
 #pragma
 
Linking CXX executable cmTC_3f7d1
/usr/bin/cmake -E cmake_link_script CMakeFiles/cmTC_3f7d1.dir/link.txt --verbose=1
/usr/local/bin/c++      -fsigned-char -W -Wall -Werror=return-type -Werror=non-virtual-dtor -Werror=address -Werror=sequence-point -Wformat -Werror=format-security -Wmissing-declarations -Wundef -Winit-self -Wpointer-arith -Wshadow -Wsign-promo -Wuninitialized -Winit-self -Wsuggest-override -Wno-narrowing -Wno-delete-non-virtual-dtor -Wno-comment -Wimplicit-fallthrough=3 -fdiagnostics-show-option -Wno-long-long -pthread -fomit-frame-pointer -ffunction-sections -fdata-sections  -msse -msse2 -msse3 -fvisibility=hidden -fvisibility-inlines-hidden -Wno-deprecated  -O3 -DNDEBUG    -Wl,--gc-sections  CMakeFiles/cmTC_3f7d1.dir/src.cxx.o  -o cmTC_3f7d1 -rdynamic 
make[1]: Leaving directory '/home/juiwenyeh/Lazi_tech/MakeNTU_2019_G27/OpenCV/build/CMakeFiles/CMakeTmp'

===== END =====

Build output check failed:
    Regex: 'unrecognized .*option'
    Output line: 'cc1plus: 警告：unrecognized command line option 「-Wno-tautological-undefined-compare」'
Compilation failed:
    source file: '/home/juiwenyeh/Lazi_tech/MakeNTU_2019_G27/OpenCV/build/CMakeFiles/CMakeTmp/src.cxx'
    check option: ' -Wno-tautological-undefined-compare'
===== BUILD LOG =====
Change Dir: /home/juiwenyeh/Lazi_tech/MakeNTU_2019_G27/OpenCV/build/CMakeFiles/CMakeTmp

Run Build Command:"/usr/bin/make" "cmTC_f732f/fast"
/usr/bin/make -f CMakeFiles/cmTC_f732f.dir/build.make CMakeFiles/cmTC_f732f.dir/build
make[1]: Entering directory '/home/juiwenyeh/Lazi_tech/MakeNTU_2019_G27/OpenCV/build/CMakeFiles/CMakeTmp'
Building CXX object CMakeFiles/cmTC_f732f.dir/src.cxx.o
/usr/local/bin/c++     -fsigned-char -W -Wall -Werror=return-type -Werror=non-virtual-dtor -Werror=address -Werror=sequence-point -Wformat -Werror=format-security   -Winit-self -Wpointer-arith   -Wuninitialized -Winit-self -Wsuggest-override -Wno-narrowing -Wno-delete-non-virtual-dtor -Wno-comment -Wimplicit-fallthrough=3 -fdiagnostics-show-option -Wno-long-long -pthread -fomit-frame-pointer -ffunction-sections -fdata-sections  -msse -msse2 -msse3 -fvisibility=hidden -fvisibility-inlines-hidden -Wno-deprecated -Wno-missing-declarations -Wno-shadow -Wno-unused-parameter -Wno-unused-local-typedefs -Wno-sign-compare -Wno-sign-promo -Wno-undef  -O3 -DNDEBUG -fPIE   -Wno-tautological-undefined-compare -o CMakeFiles/cmTC_f732f.dir/src.cxx.o -c /home/juiwenyeh/Lazi_tech/MakeNTU_2019_G27/OpenCV/build/CMakeFiles/CMakeTmp/src.cxx
/home/juiwenyeh/Lazi_tech/MakeNTU_2019_G27/OpenCV/build/CMakeFiles/CMakeTmp/src.cxx:1: 警告：ignoring #pragma   [-Wunknown-pragmas]
 #pragma
 
cc1plus: 警告：unrecognized command line option 「-Wno-tautological-undefined-compare」
Linking CXX executable cmTC_f732f
/usr/bin/cmake -E cmake_link_script CMakeFiles/cmTC_f732f.dir/link.txt --verbose=1
/usr/local/bin/c++      -fsigned-char -W -Wall -Werror=return-type -Werror=non-virtual-dtor -Werror=address -Werror=sequence-point -Wformat -Werror=format-security   -Winit-self -Wpointer-arith   -Wuninitialized -Winit-self -Wsuggest-override -Wno-narrowing -Wno-delete-non-virtual-dtor -Wno-comment -Wimplicit-fallthrough=3 -fdiagnostics-show-option -Wno-long-long -pthread -fomit-frame-pointer -ffunction-sections -fdata-sections  -msse -msse2 -msse3 -fvisibility=hidden -fvisibility-inlines-hidden -Wno-deprecated -Wno-missing-declarations -Wno-shadow -Wno-unused-parameter -Wno-unused-local-typedefs -Wno-sign-compare -Wno-sign-promo -Wno-undef  -O3 -DNDEBUG    -Wl,--gc-sections  CMakeFiles/cmTC_f732f.dir/src.cxx.o  -o cmTC_f732f -rdynamic 
make[1]: Leaving directory '/home/juiwenyeh/Lazi_tech/MakeNTU_2019_G27/OpenCV/build/CMakeFiles/CMakeTmp'

===== END =====

Build output check failed:
    Regex: 'unrecognized .*option'
    Output line: 'cc1plus: 警告：unrecognized command line option 「-Wno-shorten-64-to-32」'
Compilation failed:
    source file: '/home/juiwenyeh/Lazi_tech/MakeNTU_2019_G27/OpenCV/build/CMakeFiles/CMakeTmp/src.cxx'
    check option: ' -Wno-shorten-64-to-32'
===== BUILD LOG =====
Change Dir: /home/juiwenyeh/Lazi_tech/MakeNTU_2019_G27/OpenCV/build/CMakeFiles/CMakeTmp

Run Build Command:"/usr/bin/make" "cmTC_64f2e/fast"
/usr/bin/make -f CMakeFiles/cmTC_64f2e.dir/build.make CMakeFiles/cmTC_64f2e.dir/build
make[1]: Entering directory '/home/juiwenyeh/Lazi_tech/MakeNTU_2019_G27/OpenCV/build/CMakeFiles/CMakeTmp'
Building CXX object CMakeFiles/cmTC_64f2e.dir/src.cxx.o
/usr/local/bin/c++     -fsigned-char -W -Wall -Werror=return-type -Werror=non-virtual-dtor -Werror=address -Werror=sequence-point -Wformat -Werror=format-security   -Winit-self -Wpointer-arith   -Wuninitialized -Winit-self -Wsuggest-override -Wno-narrowing -Wno-delete-non-virtual-dtor -Wno-comment -Wimplicit-fallthrough=3 -fdiagnostics-show-option -Wno-long-long -pthread -fomit-frame-pointer -ffunction-sections -fdata-sections  -msse -msse2 -msse3 -fvisibility=hidden -fvisibility-inlines-hidden -Wno-deprecated -Wno-missing-declarations -Wno-shadow -Wno-unused-parameter -Wno-unused-local-typedefs -Wno-sign-compare -Wno-sign-promo -Wno-undef -Wno-ignored-qualifiers -Wno-extra -Wno-unused-function -Wno-unused-const-variable  -O3 -DNDEBUG -fPIE   -Wno-shorten-64-to-32 -o CMakeFiles/cmTC_64f2e.dir/src.cxx.o -c /home/juiwenyeh/Lazi_tech/MakeNTU_2019_G27/OpenCV/build/CMakeFiles/CMakeTmp/src.cxx
/home/juiwenyeh/Lazi_tech/MakeNTU_2019_G27/OpenCV/build/CMakeFiles/CMakeTmp/src.cxx:1: 警告：ignoring #pragma   [-Wunknown-pragmas]
 #pragma
 
cc1plus: 警告：unrecognized command line option 「-Wno-shorten-64-to-32」
Linking CXX executable cmTC_64f2e
/usr/bin/cmake -E cmake_link_script CMakeFiles/cmTC_64f2e.dir/link.txt --verbose=1
/usr/local/bin/c++      -fsigned-char -W -Wall -Werror=return-type -Werror=non-virtual-dtor -Werror=address -Werror=sequence-point -Wformat -Werror=format-security   -Winit-self -Wpointer-arith   -Wuninitialized -Winit-self -Wsuggest-override -Wno-narrowing -Wno-delete-non-virtual-dtor -Wno-comment -Wimplicit-fallthrough=3 -fdiagnostics-show-option -Wno-long-long -pthread -fomit-frame-pointer -ffunction-sections -fdata-sections  -msse -msse2 -msse3 -fvisibility=hidden -fvisibility-inlines-hidden -Wno-deprecated -Wno-missing-declarations -Wno-shadow -Wno-unused-parameter -Wno-unused-local-typedefs -Wno-sign-compare -Wno-sign-promo -Wno-undef -Wno-ignored-qualifiers -Wno-extra -Wno-unused-function -Wno-unused-const-variable  -O3 -DNDEBUG    -Wl,--gc-sections  CMakeFiles/cmTC_64f2e.dir/src.cxx.o  -o cmTC_64f2e -rdynamic 
make[1]: Leaving directory '/home/juiwenyeh/Lazi_tech/MakeNTU_2019_G27/OpenCV/build/CMakeFiles/CMakeTmp'

===== END =====

Build output check failed:
    Regex: 'unrecognized .*option'
    Output line: 'cc1plus: 警告：unrecognized command line option 「-Wno-enum-compare-switch」'
Compilation failed:
    source file: '/home/juiwenyeh/Lazi_tech/MakeNTU_2019_G27/OpenCV/build/CMakeFiles/CMakeTmp/src.cxx'
    check option: ' -Wno-enum-compare-switch'
===== BUILD LOG =====
Change Dir: /home/juiwenyeh/Lazi_tech/MakeNTU_2019_G27/OpenCV/build/CMakeFiles/CMakeTmp

Run Build Command:"/usr/bin/make" "cmTC_edc70/fast"
/usr/bin/make -f CMakeFiles/cmTC_edc70.dir/build.make CMakeFiles/cmTC_edc70.dir/build
make[1]: Entering directory '/home/juiwenyeh/Lazi_tech/MakeNTU_2019_G27/OpenCV/build/CMakeFiles/CMakeTmp'
Building CXX object CMakeFiles/cmTC_edc70.dir/src.cxx.o
/usr/local/bin/c++     -fsigned-char -W -Wall -Werror=return-type -Werror=non-virtual-dtor -Werror=address -Werror=sequence-point -Wformat -Werror=format-security   -Winit-self -Wpointer-arith   -Wuninitialized -Winit-self -Wsuggest-override -Wno-narrowing -Wno-delete-non-virtual-dtor -Wno-comment -Wimplicit-fallthrough=3 -fdiagnostics-show-option -Wno-long-long -pthread -fomit-frame-pointer -ffunction-sections -fdata-sections  -msse -msse2 -msse3 -fvisibility=hidden -fvisibility-inlines-hidden -Wno-deprecated -Wno-missing-declarations -Wno-shadow -Wno-unused-parameter -Wno-unused-local-typedefs -Wno-sign-compare -Wno-sign-promo -Wno-undef -Wno-ignored-qualifiers -Wno-extra -Wno-unused-function -Wno-unused-const-variable -Wno-invalid-offsetof  -O3 -DNDEBUG -fPIE   -Wno-enum-compare-switch -o CMakeFiles/cmTC_edc70.dir/src.cxx.o -c /home/juiwenyeh/Lazi_tech/MakeNTU_2019_G27/OpenCV/build/CMakeFiles/CMakeTmp/src.cxx
/home/juiwenyeh/Lazi_tech/MakeNTU_2019_G27/OpenCV/build/CMakeFiles/CMakeTmp/src.cxx:1: 警告：ignoring #pragma   [-Wunknown-pragmas]
 #pragma
 
cc1plus: 警告：unrecognized command line option 「-Wno-enum-compare-switch」
Linking CXX executable cmTC_edc70
/usr/bin/cmake -E cmake_link_script CMakeFiles/cmTC_edc70.dir/link.txt --verbose=1
/usr/local/bin/c++      -fsigned-char -W -Wall -Werror=return-type -Werror=non-virtual-dtor -Werror=address -Werror=sequence-point -Wformat -Werror=format-security   -Winit-self -Wpointer-arith   -Wuninitialized -Winit-self -Wsuggest-override -Wno-narrowing -Wno-delete-non-virtual-dtor -Wno-comment -Wimplicit-fallthrough=3 -fdiagnostics-show-option -Wno-long-long -pthread -fomit-frame-pointer -ffunction-sections -fdata-sections  -msse -msse2 -msse3 -fvisibility=hidden -fvisibility-inlines-hidden -Wno-deprecated -Wno-missing-declarations -Wno-shadow -Wno-unused-parameter -Wno-unused-local-typedefs -Wno-sign-compare -Wno-sign-promo -Wno-undef -Wno-ignored-qualifiers -Wno-extra -Wno-unused-function -Wno-unused-const-variable -Wno-invalid-offsetof  -O3 -DNDEBUG    -Wl,--gc-sections  CMakeFiles/cmTC_edc70.dir/src.cxx.o  -o cmTC_edc70 -rdynamic 
make[1]: Leaving directory '/home/juiwenyeh/Lazi_tech/MakeNTU_2019_G27/OpenCV/build/CMakeFiles/CMakeTmp'

===== END =====

Build output check failed:
    Regex: 'unrecognized .*option'
    Output line: 'cc1plus: 警告：unrecognized command line option 「-Wno-inconsistent-missing-override」'
Compilation failed:
    source file: '/home/juiwenyeh/Lazi_tech/MakeNTU_2019_G27/OpenCV/build/CMakeFiles/CMakeTmp/src.cxx'
    check option: ' -Wno-inconsistent-missing-override'
===== BUILD LOG =====
Change Dir: /home/juiwenyeh/Lazi_tech/MakeNTU_2019_G27/OpenCV/build/CMakeFiles/CMakeTmp

Run Build Command:"/usr/bin/make" "cmTC_57ab8/fast"
/usr/bin/make -f CMakeFiles/cmTC_57ab8.dir/build.make CMakeFiles/cmTC_57ab8.dir/build
make[1]: Entering directory '/home/juiwenyeh/Lazi_tech/MakeNTU_2019_G27/OpenCV/build/CMakeFiles/CMakeTmp'
Building CXX object CMakeFiles/cmTC_57ab8.dir/src.cxx.o
/usr/local/bin/c++     -fsigned-char -W -Wall -Werror=return-type -Werror=non-virtual-dtor -Werror=address -Werror=sequence-point -Wformat -Werror=format-security   -Winit-self -Wpointer-arith   -Wuninitialized -Winit-self  -Wno-narrowing -Wno-delete-non-virtual-dtor -Wno-comment -Wimplicit-fallthrough=3 -fdiagnostics-show-option -Wno-long-long -pthread -fomit-frame-pointer -ffunction-sections -fdata-sections  -msse -msse2 -msse3 -fvisibility=hidden -fvisibility-inlines-hidden -Wno-deprecated -Wno-missing-declarations -Wno-shadow -Wno-unused-parameter -Wno-unused-local-typedefs -Wno-sign-compare -Wno-sign-promo -Wno-undef -Wno-ignored-qualifiers -Wno-extra -Wno-unused-function -Wno-unused-const-variable -Wno-invalid-offsetof -Wno-suggest-override  -O3 -DNDEBUG -fPIE   -Wno-inconsistent-missing-override -o CMakeFiles/cmTC_57ab8.dir/src.cxx.o -c /home/juiwenyeh/Lazi_tech/MakeNTU_2019_G27/OpenCV/build/CMakeFiles/CMakeTmp/src.cxx
/home/juiwenyeh/Lazi_tech/MakeNTU_2019_G27/OpenCV/build/CMakeFiles/CMakeTmp/src.cxx:1: 警告：ignoring #pragma   [-Wunknown-pragmas]
 #pragma
 
cc1plus: 警告：unrecognized command line option 「-Wno-inconsistent-missing-override」
Linking CXX executable cmTC_57ab8
/usr/bin/cmake -E cmake_link_script CMakeFiles/cmTC_57ab8.dir/link.txt --verbose=1
/usr/local/bin/c++      -fsigned-char -W -Wall -Werror=return-type -Werror=non-virtual-dtor -Werror=address -Werror=sequence-point -Wformat -Werror=format-security   -Winit-self -Wpointer-arith   -Wuninitialized -Winit-self  -Wno-narrowing -Wno-delete-non-virtual-dtor -Wno-comment -Wimplicit-fallthrough=3 -fdiagnostics-show-option -Wno-long-long -pthread -fomit-frame-pointer -ffunction-sections -fdata-sections  -msse -msse2 -msse3 -fvisibility=hidden -fvisibility-inlines-hidden -Wno-deprecated -Wno-missing-declarations -Wno-shadow -Wno-unused-parameter -Wno-unused-local-typedefs -Wno-sign-compare -Wno-sign-promo -Wno-undef -Wno-ignored-qualifiers -Wno-extra -Wno-unused-function -Wno-unused-const-variable -Wno-invalid-offsetof -Wno-suggest-override  -O3 -DNDEBUG    -Wl,--gc-sections  CMakeFiles/cmTC_57ab8.dir/src.cxx.o  -o cmTC_57ab8 -rdynamic 
make[1]: Leaving directory '/home/juiwenyeh/Lazi_tech/MakeNTU_2019_G27/OpenCV/build/CMakeFiles/CMakeTmp'

===== END =====

Build output check failed:
    Regex: 'unrecognized .*option'
    Output line: 'cc1plus: 警告：unrecognized command line option 「-Wno-unused-private-field」'
Compilation failed:
    source file: '/home/juiwenyeh/Lazi_tech/MakeNTU_2019_G27/OpenCV/build/CMakeFiles/CMakeTmp/src.cxx'
    check option: ' -Wno-unused-private-field'
===== BUILD LOG =====
Change Dir: /home/juiwenyeh/Lazi_tech/MakeNTU_2019_G27/OpenCV/build/CMakeFiles/CMakeTmp

Run Build Command:"/usr/bin/make" "cmTC_d0b9e/fast"
/usr/bin/make -f CMakeFiles/cmTC_d0b9e.dir/build.make CMakeFiles/cmTC_d0b9e.dir/build
make[1]: Entering directory '/home/juiwenyeh/Lazi_tech/MakeNTU_2019_G27/OpenCV/build/CMakeFiles/CMakeTmp'
Building CXX object CMakeFiles/cmTC_d0b9e.dir/src.cxx.o
/usr/local/bin/c++     -fsigned-char -W -Wall -Werror=return-type -Werror=non-virtual-dtor -Werror=address -Werror=sequence-point -Wformat -Werror=format-security -Wmissing-declarations -Wundef -Winit-self -Wpointer-arith -Wshadow -Wsign-promo -Wuninitialized -Winit-self -Wsuggest-override -Wno-narrowing -Wno-delete-non-virtual-dtor -Wno-comment -Wimplicit-fallthrough=3 -fdiagnostics-show-option -Wno-long-long -pthread -fomit-frame-pointer -ffunction-sections -fdata-sections  -msse -msse2 -msse3 -fvisibility=hidden -fvisibility-inlines-hidden -Wno-unused-function -Wno-deprecated-declarations -Wno-overloaded-virtual  -O3 -DNDEBUG -fPIE   -Wno-unused-private-field -o CMakeFiles/cmTC_d0b9e.dir/src.cxx.o -c /home/juiwenyeh/Lazi_tech/MakeNTU_2019_G27/OpenCV/build/CMakeFiles/CMakeTmp/src.cxx
/home/juiwenyeh/Lazi_tech/MakeNTU_2019_G27/OpenCV/build/CMakeFiles/CMakeTmp/src.cxx:1: 警告：ignoring #pragma   [-Wunknown-pragmas]
 #pragma
 
cc1plus: 警告：unrecognized command line option 「-Wno-unused-private-field」
Linking CXX executable cmTC_d0b9e
/usr/bin/cmake -E cmake_link_script CMakeFiles/cmTC_d0b9e.dir/link.txt --verbose=1
/usr/local/bin/c++      -fsigned-char -W -Wall -Werror=return-type -Werror=non-virtual-dtor -Werror=address -Werror=sequence-point -Wformat -Werror=format-security -Wmissing-declarations -Wundef -Winit-self -Wpointer-arith -Wshadow -Wsign-promo -Wuninitialized -Winit-self -Wsuggest-override -Wno-narrowing -Wno-delete-non-virtual-dtor -Wno-comment -Wimplicit-fallthrough=3 -fdiagnostics-show-option -Wno-long-long -pthread -fomit-frame-pointer -ffunction-sections -fdata-sections  -msse -msse2 -msse3 -fvisibility=hidden -fvisibility-inlines-hidden -Wno-unused-function -Wno-deprecated-declarations -Wno-overloaded-virtual  -O3 -DNDEBUG    -Wl,--gc-sections  CMakeFiles/cmTC_d0b9e.dir/src.cxx.o  -o cmTC_d0b9e -rdynamic 
make[1]: Leaving directory '/home/juiwenyeh/Lazi_tech/MakeNTU_2019_G27/OpenCV/build/CMakeFiles/CMakeTmp'

===== END =====

Determining if the CL_VERSION_2_0 exist failed with the following output:
Change Dir: /home/juiwenyeh/Lazi_tech/MakeNTU_2019_G27/OpenCV/build/CMakeFiles/CMakeTmp

Run Build Command:"/usr/bin/make" "cmTC_43b8d/fast"
/usr/bin/make -f CMakeFiles/cmTC_43b8d.dir/build.make CMakeFiles/cmTC_43b8d.dir/build
make[1]: Entering directory '/home/juiwenyeh/Lazi_tech/MakeNTU_2019_G27/OpenCV/build/CMakeFiles/CMakeTmp'
Building C object CMakeFiles/cmTC_43b8d.dir/CheckSymbolExists.c.o
/usr/local/bin/gcc    -fsigned-char -W -Wall -Werror=return-type -Werror=non-virtual-dtor -Werror=address -Werror=sequence-point -Wformat -Werror=format-security -Wmissing-declarations -Wmissing-prototypes -Wstrict-prototypes -Wundef -Winit-self -Wpointer-arith -Wshadow -Wuninitialized -Winit-self -Wno-narrowing -Wno-comment -Wimplicit-fallthrough=3 -fdiagnostics-show-option -Wno-long-long -pthread -fomit-frame-pointer -ffunction-sections -fdata-sections  -msse -msse2 -msse3 -fvisibility=hidden  -O3 -DNDEBUG -fPIE   -o CMakeFiles/cmTC_43b8d.dir/CheckSymbolExists.c.o   -c /home/juiwenyeh/Lazi_tech/MakeNTU_2019_G27/OpenCV/build/CMakeFiles/CMakeTmp/CheckSymbolExists.c
/home/juiwenyeh/Lazi_tech/MakeNTU_2019_G27/OpenCV/build/CMakeFiles/CMakeTmp/CheckSymbolExists.c:2:10: 嚴重錯誤：OpenCL_INCLUDE_DIR-NOTFOUND/CL/cl.h：沒有此一檔案或目錄
 #include <OpenCL_INCLUDE_DIR-NOTFOUND/CL/cl.h>
          ^~~~~~~~~~~~~~~~~~~~~~~~~~~~~~~~~~~~~
編譯插斷。
CMakeFiles/cmTC_43b8d.dir/build.make:65: recipe for target 'CMakeFiles/cmTC_43b8d.dir/CheckSymbolExists.c.o' failed
make[1]: *** [CMakeFiles/cmTC_43b8d.dir/CheckSymbolExists.c.o] Error 1
make[1]: Leaving directory '/home/juiwenyeh/Lazi_tech/MakeNTU_2019_G27/OpenCV/build/CMakeFiles/CMakeTmp'
Makefile:126: recipe for target 'cmTC_43b8d/fast' failed
make: *** [cmTC_43b8d/fast] Error 2

File /home/juiwenyeh/Lazi_tech/MakeNTU_2019_G27/OpenCV/build/CMakeFiles/CMakeTmp/CheckSymbolExists.c:
/* */
#include <OpenCL_INCLUDE_DIR-NOTFOUND/CL/cl.h>

int main(int argc, char** argv)
{
  (void)argv;
#ifndef CL_VERSION_2_0
  return ((int*)(&CL_VERSION_2_0))[argc];
#else
  (void)argc;
  return 0;
#endif
}

Determining if the CL_VERSION_1_2 exist failed with the following output:
Change Dir: /home/juiwenyeh/Lazi_tech/MakeNTU_2019_G27/OpenCV/build/CMakeFiles/CMakeTmp

Run Build Command:"/usr/bin/make" "cmTC_64441/fast"
/usr/bin/make -f CMakeFiles/cmTC_64441.dir/build.make CMakeFiles/cmTC_64441.dir/build
make[1]: Entering directory '/home/juiwenyeh/Lazi_tech/MakeNTU_2019_G27/OpenCV/build/CMakeFiles/CMakeTmp'
Building C object CMakeFiles/cmTC_64441.dir/CheckSymbolExists.c.o
/usr/local/bin/gcc    -fsigned-char -W -Wall -Werror=return-type -Werror=non-virtual-dtor -Werror=address -Werror=sequence-point -Wformat -Werror=format-security -Wmissing-declarations -Wmissing-prototypes -Wstrict-prototypes -Wundef -Winit-self -Wpointer-arith -Wshadow -Wuninitialized -Winit-self -Wno-narrowing -Wno-comment -Wimplicit-fallthrough=3 -fdiagnostics-show-option -Wno-long-long -pthread -fomit-frame-pointer -ffunction-sections -fdata-sections  -msse -msse2 -msse3 -fvisibility=hidden  -O3 -DNDEBUG -fPIE   -o CMakeFiles/cmTC_64441.dir/CheckSymbolExists.c.o   -c /home/juiwenyeh/Lazi_tech/MakeNTU_2019_G27/OpenCV/build/CMakeFiles/CMakeTmp/CheckSymbolExists.c
/home/juiwenyeh/Lazi_tech/MakeNTU_2019_G27/OpenCV/build/CMakeFiles/CMakeTmp/CheckSymbolExists.c:2:10: 嚴重錯誤：OpenCL_INCLUDE_DIR-NOTFOUND/CL/cl.h：沒有此一檔案或目錄
 #include <OpenCL_INCLUDE_DIR-NOTFOUND/CL/cl.h>
          ^~~~~~~~~~~~~~~~~~~~~~~~~~~~~~~~~~~~~
編譯插斷。
CMakeFiles/cmTC_64441.dir/build.make:65: recipe for target 'CMakeFiles/cmTC_64441.dir/CheckSymbolExists.c.o' failed
make[1]: *** [CMakeFiles/cmTC_64441.dir/CheckSymbolExists.c.o] Error 1
make[1]: Leaving directory '/home/juiwenyeh/Lazi_tech/MakeNTU_2019_G27/OpenCV/build/CMakeFiles/CMakeTmp'
Makefile:126: recipe for target 'cmTC_64441/fast' failed
make: *** [cmTC_64441/fast] Error 2

File /home/juiwenyeh/Lazi_tech/MakeNTU_2019_G27/OpenCV/build/CMakeFiles/CMakeTmp/CheckSymbolExists.c:
/* */
#include <OpenCL_INCLUDE_DIR-NOTFOUND/CL/cl.h>

int main(int argc, char** argv)
{
  (void)argv;
#ifndef CL_VERSION_1_2
  return ((int*)(&CL_VERSION_1_2))[argc];
#else
  (void)argc;
  return 0;
#endif
}

Determining if the CL_VERSION_1_1 exist failed with the following output:
Change Dir: /home/juiwenyeh/Lazi_tech/MakeNTU_2019_G27/OpenCV/build/CMakeFiles/CMakeTmp

Run Build Command:"/usr/bin/make" "cmTC_f82c0/fast"
/usr/bin/make -f CMakeFiles/cmTC_f82c0.dir/build.make CMakeFiles/cmTC_f82c0.dir/build
make[1]: Entering directory '/home/juiwenyeh/Lazi_tech/MakeNTU_2019_G27/OpenCV/build/CMakeFiles/CMakeTmp'
Building C object CMakeFiles/cmTC_f82c0.dir/CheckSymbolExists.c.o
/usr/local/bin/gcc    -fsigned-char -W -Wall -Werror=return-type -Werror=non-virtual-dtor -Werror=address -Werror=sequence-point -Wformat -Werror=format-security -Wmissing-declarations -Wmissing-prototypes -Wstrict-prototypes -Wundef -Winit-self -Wpointer-arith -Wshadow -Wuninitialized -Winit-self -Wno-narrowing -Wno-comment -Wimplicit-fallthrough=3 -fdiagnostics-show-option -Wno-long-long -pthread -fomit-frame-pointer -ffunction-sections -fdata-sections  -msse -msse2 -msse3 -fvisibility=hidden  -O3 -DNDEBUG -fPIE   -o CMakeFiles/cmTC_f82c0.dir/CheckSymbolExists.c.o   -c /home/juiwenyeh/Lazi_tech/MakeNTU_2019_G27/OpenCV/build/CMakeFiles/CMakeTmp/CheckSymbolExists.c
/home/juiwenyeh/Lazi_tech/MakeNTU_2019_G27/OpenCV/build/CMakeFiles/CMakeTmp/CheckSymbolExists.c:2:10: 嚴重錯誤：OpenCL_INCLUDE_DIR-NOTFOUND/CL/cl.h：沒有此一檔案或目錄
 #include <OpenCL_INCLUDE_DIR-NOTFOUND/CL/cl.h>
          ^~~~~~~~~~~~~~~~~~~~~~~~~~~~~~~~~~~~~
編譯插斷。
CMakeFiles/cmTC_f82c0.dir/build.make:65: recipe for target 'CMakeFiles/cmTC_f82c0.dir/CheckSymbolExists.c.o' failed
make[1]: *** [CMakeFiles/cmTC_f82c0.dir/CheckSymbolExists.c.o] Error 1
make[1]: Leaving directory '/home/juiwenyeh/Lazi_tech/MakeNTU_2019_G27/OpenCV/build/CMakeFiles/CMakeTmp'
Makefile:126: recipe for target 'cmTC_f82c0/fast' failed
make: *** [cmTC_f82c0/fast] Error 2

File /home/juiwenyeh/Lazi_tech/MakeNTU_2019_G27/OpenCV/build/CMakeFiles/CMakeTmp/CheckSymbolExists.c:
/* */
#include <OpenCL_INCLUDE_DIR-NOTFOUND/CL/cl.h>

int main(int argc, char** argv)
{
  (void)argv;
#ifndef CL_VERSION_1_1
  return ((int*)(&CL_VERSION_1_1))[argc];
#else
  (void)argc;
  return 0;
#endif
}

Determining if the CL_VERSION_1_0 exist failed with the following output:
Change Dir: /home/juiwenyeh/Lazi_tech/MakeNTU_2019_G27/OpenCV/build/CMakeFiles/CMakeTmp

Run Build Command:"/usr/bin/make" "cmTC_93be3/fast"
/usr/bin/make -f CMakeFiles/cmTC_93be3.dir/build.make CMakeFiles/cmTC_93be3.dir/build
make[1]: Entering directory '/home/juiwenyeh/Lazi_tech/MakeNTU_2019_G27/OpenCV/build/CMakeFiles/CMakeTmp'
Building C object CMakeFiles/cmTC_93be3.dir/CheckSymbolExists.c.o
/usr/local/bin/gcc    -fsigned-char -W -Wall -Werror=return-type -Werror=non-virtual-dtor -Werror=address -Werror=sequence-point -Wformat -Werror=format-security -Wmissing-declarations -Wmissing-prototypes -Wstrict-prototypes -Wundef -Winit-self -Wpointer-arith -Wshadow -Wuninitialized -Winit-self -Wno-narrowing -Wno-comment -Wimplicit-fallthrough=3 -fdiagnostics-show-option -Wno-long-long -pthread -fomit-frame-pointer -ffunction-sections -fdata-sections  -msse -msse2 -msse3 -fvisibility=hidden  -O3 -DNDEBUG -fPIE   -o CMakeFiles/cmTC_93be3.dir/CheckSymbolExists.c.o   -c /home/juiwenyeh/Lazi_tech/MakeNTU_2019_G27/OpenCV/build/CMakeFiles/CMakeTmp/CheckSymbolExists.c
/home/juiwenyeh/Lazi_tech/MakeNTU_2019_G27/OpenCV/build/CMakeFiles/CMakeTmp/CheckSymbolExists.c:2:10: 嚴重錯誤：OpenCL_INCLUDE_DIR-NOTFOUND/CL/cl.h：沒有此一檔案或目錄
 #include <OpenCL_INCLUDE_DIR-NOTFOUND/CL/cl.h>
          ^~~~~~~~~~~~~~~~~~~~~~~~~~~~~~~~~~~~~
編譯插斷。
CMakeFiles/cmTC_93be3.dir/build.make:65: recipe for target 'CMakeFiles/cmTC_93be3.dir/CheckSymbolExists.c.o' failed
make[1]: *** [CMakeFiles/cmTC_93be3.dir/CheckSymbolExists.c.o] Error 1
make[1]: Leaving directory '/home/juiwenyeh/Lazi_tech/MakeNTU_2019_G27/OpenCV/build/CMakeFiles/CMakeTmp'
Makefile:126: recipe for target 'cmTC_93be3/fast' failed
make: *** [cmTC_93be3/fast] Error 2

File /home/juiwenyeh/Lazi_tech/MakeNTU_2019_G27/OpenCV/build/CMakeFiles/CMakeTmp/CheckSymbolExists.c:
/* */
#include <OpenCL_INCLUDE_DIR-NOTFOUND/CL/cl.h>

int main(int argc, char** argv)
{
  (void)argv;
#ifndef CL_VERSION_1_0
  return ((int*)(&CL_VERSION_1_0))[argc];
#else
  (void)argc;
  return 0;
#endif
}

